# JRE version: OpenJDK Runtime Environment (8.0_131-b11) (build 1.8.0_131-8u131-b11-2ubuntu1.16.04.3-b11)
# Java VM: OpenJDK 64-Bit Server VM (25.131-b11 mixed mode linux-amd64 compressed oops)
Heap:
 PSYoungGen      total 202240K, used 6684K [0x000000076ca00000, 0x000000077d800000, 0x00000007c0000000)
  eden space 180224K, 3% used [0x000000076ca00000,0x000000076d087338,0x0000000777a00000)
  from space 22016K, 0% used [0x000000077bb00000,0x000000077bb00000,0x000000077d080000)
  to   space 7680K, 0% used [0x000000077d080000,0x000000077d080000,0x000000077d800000)
 ParOldGen       total 129536K, used 32016K [0x00000006c5e00000, 0x00000006cdc80000, 0x000000076ca00000)
  object space 129536K, 24% used [0x00000006c5e00000,0x00000006c7d443e0,0x00000006cdc80000)
 Metaspace       used 23925K, capacity 24438K, committed 25728K, reserved 1071104K
  class space    used 2787K, capacity 2987K, committed 3200K, reserved 1048576K
GC Heap History (10 events):
Event: 2,158 GC heap before
{Heap before GC invocations=5 (full 0):
 PSYoungGen      total 139776K, used 121913K [0x000000076ca00000, 0x0000000775d00000, 0x00000007c0000000)
  eden space 129024K, 86% used [0x000000076ca00000,0x000000077379a540,0x0000000774800000)
  from space 10752K, 90% used [0x0000000775280000,0x0000000775bf4030,0x0000000775d00000)
  to   space 10752K, 0% used [0x0000000774800000,0x0000000774800000,0x0000000775280000)
 ParOldGen       total 172032K, used 40K [0x00000006c5e00000, 0x00000006d0600000, 0x000000076ca00000)
  object space 172032K, 0% used [0x00000006c5e00000,0x00000006c5e0a000,0x00000006d0600000)
 Metaspace       used 20762K, capacity 21136K, committed 21296K, reserved 1069056K
  class space    used 2443K, capacity 2586K, committed 2688K, reserved 1048576K
Event: 2,179 GC heap after
Heap after GC invocations=5 (full 0):
 PSYoungGen      total 139776K, used 10746K [0x000000076ca00000, 0x000000077e900000, 0x00000007c0000000)
  eden space 129024K, 0% used [0x000000076ca00000,0x000000076ca00000,0x0000000774800000)
  from space 10752K, 99% used [0x0000000774800000,0x000000077527e870,0x0000000775280000)
  to   space 17920K, 0% used [0x000000077d780000,0x000000077d780000,0x000000077e900000)
 ParOldGen       total 172032K, used 9279K [0x00000006c5e00000, 0x00000006d0600000, 0x000000076ca00000)
  object space 172032K, 5% used [0x00000006c5e00000,0x00000006c670fc38,0x00000006d0600000)
 Metaspace       used 20762K, capacity 21136K, committed 21296K, reserved 1069056K
  class space    used 2443K, capacity 2586K, committed 2688K, reserved 1048576K
}
Event: 2,179 GC heap before
{Heap before GC invocations=6 (full 1):
 PSYoungGen      total 139776K, used 10746K [0x000000076ca00000, 0x000000077e900000, 0x00000007c0000000)
  eden space 129024K, 0% used [0x000000076ca00000,0x000000076ca00000,0x0000000774800000)
  from space 10752K, 99% used [0x0000000774800000,0x000000077527e870,0x0000000775280000)
  to   space 17920K, 0% used [0x000000077d780000,0x000000077d780000,0x000000077e900000)
 ParOldGen       total 172032K, used 9279K [0x00000006c5e00000, 0x00000006d0600000, 0x000000076ca00000)
  object space 172032K, 5% used [0x00000006c5e00000,0x00000006c670fc38,0x00000006d0600000)
 Metaspace       used 20762K, capacity 21136K, committed 21296K, reserved 1069056K
  class space    used 2443K, capacity 2586K, committed 2688K, reserved 1048576K
Event: 2,263 GC heap after
Heap after GC invocations=6 (full 1):
 PSYoungGen      total 139776K, used 0K [0x000000076ca00000, 0x000000077e900000, 0x00000007c0000000)
  eden space 129024K, 0% used [0x000000076ca00000,0x000000076ca00000,0x0000000774800000)
  from space 10752K, 0% used [0x0000000774800000,0x0000000774800000,0x0000000775280000)
  to   space 17920K, 0% used [0x000000077d780000,0x000000077d780000,0x000000077e900000)
 ParOldGen       total 129536K, used 19788K [0x00000006c5e00000, 0x00000006cdc80000, 0x000000076ca00000)
  object space 129536K, 15% used [0x00000006c5e00000,0x00000006c71533e8,0x00000006cdc80000)
 Metaspace       used 20762K, capacity 21136K, committed 21296K, reserved 1069056K
  class space    used 2443K, capacity 2586K, committed 2688K, reserved 1048576K
}
Event: 2,781 GC heap before
{Heap before GC invocations=7 (full 1):
 PSYoungGen      total 139776K, used 129024K [0x000000076ca00000, 0x000000077e900000, 0x00000007c0000000)
  eden space 129024K, 100% used [0x000000076ca00000,0x0000000774800000,0x0000000774800000)
  from space 10752K, 0% used [0x0000000774800000,0x0000000774800000,0x0000000775280000)
  to   space 17920K, 0% used [0x000000077d780000,0x000000077d780000,0x000000077e900000)
 ParOldGen       total 129536K, used 19788K [0x00000006c5e00000, 0x00000006cdc80000, 0x000000076ca00000)
  object space 129536K, 15% used [0x00000006c5e00000,0x00000006c71533e8,0x00000006cdc80000)
 Metaspace       used 22958K, capacity 23482K, committed 23680K, reserved 1071104K
  class space    used 2668K, capacity 2855K, committed 2944K, reserved 1048576K
Event: 2,795 GC heap after
Heap after GC invocations=7 (full 1):
 PSYoungGen      total 198144K, used 17913K [0x000000076ca00000, 0x000000077e900000, 0x00000007c0000000)
  eden space 180224K, 0% used [0x000000076ca00000,0x000000076ca00000,0x0000000777a00000)
  from space 17920K, 99% used [0x000000077d780000,0x000000077e8fe688,0x000000077e900000)
  to   space 23552K, 0% used [0x000000077bb00000,0x000000077bb00000,0x000000077d200000)
 ParOldGen       total 129536K, used 24744K [0x00000006c5e00000, 0x00000006cdc80000, 0x000000076ca00000)
  object space 129536K, 19% used [0x00000006c5e00000,0x00000006c762a068,0x00000006cdc80000)
 Metaspace       used 22958K, capacity 23482K, committed 23680K, reserved 1071104K
  class space    used 2668K, capacity 2855K, committed 2944K, reserved 1048576K
}
Event: 3,072 GC heap before
{Heap before GC invocations=8 (full 1):
 PSYoungGen      total 198144K, used 66820K [0x000000076ca00000, 0x000000077e900000, 0x00000007c0000000)
  eden space 180224K, 27% used [0x000000076ca00000,0x000000076f9c29b0,0x0000000777a00000)
  from space 17920K, 99% used [0x000000077d780000,0x000000077e8fe688,0x000000077e900000)
  to   space 23552K, 0% used [0x000000077bb00000,0x000000077bb00000,0x000000077d200000)
 ParOldGen       total 129536K, used 24744K [0x00000006c5e00000, 0x00000006cdc80000, 0x000000076ca00000)
  object space 129536K, 19% used [0x00000006c5e00000,0x00000006c762a068,0x00000006cdc80000)
 Metaspace       used 24786K, capacity 25434K, committed 25728K, reserved 1071104K
  class space    used 2905K, capacity 3127K, committed 3200K, reserved 1048576K
Event: 3,086 GC heap after
Heap after GC invocations=8 (full 1):
 PSYoungGen      total 202240K, used 21729K [0x000000076ca00000, 0x000000077d800000, 0x00000007c0000000)
  eden space 180224K, 0% used [0x000000076ca00000,0x000000076ca00000,0x0000000777a00000)
  from space 22016K, 98% used [0x000000077bb00000,0x000000077d038590,0x000000077d080000)
  to   space 7680K, 0% used [0x000000077d080000,0x000000077d080000,0x000000077d800000)
 ParOldGen       total 129536K, used 24752K [0x00000006c5e00000, 0x00000006cdc80000, 0x000000076ca00000)
  object space 129536K, 19% used [0x00000006c5e00000,0x00000006c762c068,0x00000006cdc80000)
 Metaspace       used 24786K, capacity 25434K, committed 25728K, reserved 1071104K
  class space    used 2905K, capacity 3127K, committed 3200K, reserved 1048576K
}
Event: 3,086 GC heap before
{Heap before GC invocations=9 (full 2):
 PSYoungGen      total 202240K, used 21729K [0x000000076ca00000, 0x000000077d800000, 0x00000007c0000000)
  eden space 180224K, 0% used [0x000000076ca00000,0x000000076ca00000,0x0000000777a00000)
  from space 22016K, 98% used [0x000000077bb00000,0x000000077d038590,0x000000077d080000)
  to   space 7680K, 0% used [0x000000077d080000,0x000000077d080000,0x000000077d800000)
 ParOldGen       total 129536K, used 24752K [0x00000006c5e00000, 0x00000006cdc80000, 0x000000076ca00000)
  object space 129536K, 19% used [0x00000006c5e00000,0x00000006c762c068,0x00000006cdc80000)
 Metaspace       used 24786K, capacity 25434K, committed 25728K, reserved 1071104K
  class space    used 2905K, capacity 3127K, committed 3200K, reserved 1048576K
Event: 3,175 GC heap after
Heap after GC invocations=9 (full 2):
 PSYoungGen      total 202240K, used 0K [0x000000076ca00000, 0x000000077d800000, 0x00000007c0000000)
  eden space 180224K, 0% used [0x000000076ca00000,0x000000076ca00000,0x0000000777a00000)
  from space 22016K, 0% used [0x000000077bb00000,0x000000077bb00000,0x000000077d080000)
  to   space 7680K, 0% used [0x000000077d080000,0x000000077d080000,0x000000077d800000)
 ParOldGen       total 129536K, used 32016K [0x00000006c5e00000, 0x00000006cdc80000, 0x000000076ca00000)
  object space 129536K, 24% used [0x00000006c5e00000,0x00000006c7d443e0,0x00000006cdc80000)
 Metaspace       used 23911K, capacity 24438K, committed 25728K, reserved 1071104K
  class space    used 2786K, capacity 2987K, committed 3200K, reserved 1048576K
}

